Closing org.springframework.boot.context.embedded.AnnotationConfigEmbeddedWebApplicationContext@3b0c9195: startup date [Wed May 08 21:21:27 CST 2019]; root of context hierarchy
Unregistering JMX-exposed beans on shutdown
Closing JPA EntityManagerFactory for persistence unit 'default'
Starting SellApplication on EricdeMacBook-Pro.local with PID 51512 (/Users/eric/workspace/springboot_sell/target/classes started by eric in /Users/eric/workspace/springboot_sell)
No active profile set, falling back to default profiles: default
Refreshing org.springframework.boot.context.embedded.AnnotationConfigEmbeddedWebApplicationContext@3b0c9195: startup date [Thu May 09 20:42:54 CST 2019]; root of context hierarchy
HV000001: Hibernate Validator 5.3.5.Final
Overriding bean definition for bean 'wxMpConfigStorage' with a different definition: replacing [Root bean: class [null]; scope=; abstract=false; lazyInit=false; autowireMode=3; dependencyCheck=0; autowireCandidate=true; primary=false; factoryBeanName=wechatMpConfig; factoryMethodName=wxMpConfigStorage; initMethodName=null; destroyMethodName=(inferred); defined in class path resource [com/imooc/config/WechatMpConfig.class]] with [Root bean: class [null]; scope=; abstract=false; lazyInit=false; autowireMode=3; dependencyCheck=0; autowireCandidate=true; primary=false; factoryBeanName=wechatOpenConfig; factoryMethodName=wxMpConfigStorage; initMethodName=null; destroyMethodName=(inferred); defined in class path resource [com/imooc/config/WechatOpenConfig.class]]
Multiple Spring Data modules found, entering strict repository configuration mode!
Multiple Spring Data modules found, entering strict repository configuration mode!
Spring Data Redis - Could not safely identify store assignment for repository candidate interface com.imooc.repository.ProductCategoryRepository.
Spring Data Redis - Could not safely identify store assignment for repository candidate interface com.imooc.repository.OrderDetailRepository.
Spring Data Redis - Could not safely identify store assignment for repository candidate interface com.imooc.repository.SellerInfoRepository.
Spring Data Redis - Could not safely identify store assignment for repository candidate interface com.imooc.repository.OrderMasterRepository.
Spring Data Redis - Could not safely identify store assignment for repository candidate interface com.imooc.repository.ProductInfoRepository.
JSR-330 'javax.inject.Inject' annotation found and supported for autowiring
Tomcat initialized with port(s): 8080 (http)
Starting service Tomcat
Starting Servlet Engine: Apache Tomcat/8.5.14
Initializing Spring embedded WebApplicationContext
Root WebApplicationContext: initialization completed in 1726 ms
Mapping servlet: 'dispatcherServlet' to [/]
Mapping filter: 'characterEncodingFilter' to: [/*]
Mapping filter: 'hiddenHttpMethodFilter' to: [/*]
Mapping filter: 'httpPutFormContentFilter' to: [/*]
Mapping filter: 'requestContextFilter' to: [/*]
Building JPA container EntityManagerFactory for persistence unit 'default'
HHH000204: Processing PersistenceUnitInfo [
	name: default
	...]
HHH000412: Hibernate Core {5.0.12.Final}
HHH000206: hibernate.properties not found
HHH000021: Bytecode provider name : javassist
HCANN000001: Hibernate Commons Annotations {5.0.1.Final}
HHH000400: Using dialect: org.hibernate.dialect.MySQL5Dialect
Initialized JPA EntityManagerFactory for persistence unit 'default'
Looking for @ControllerAdvice: org.springframework.boot.context.embedded.AnnotationConfigEmbeddedWebApplicationContext@3b0c9195: startup date [Thu May 09 20:42:54 CST 2019]; root of context hierarchy
Mapped "{[/buyer/order/create],methods=[POST]}" onto public com.imooc.VO.ResultVO<java.util.Map<java.lang.String, java.lang.String>> com.imooc.controller.BuyerOrderController.create(com.imooc.form.OrderForm,org.springframework.validation.BindingResult)
Mapped "{[/buyer/order/list]}" onto public com.imooc.VO.ResultVO<java.util.List<com.imooc.dto.OrderDTO>> com.imooc.controller.BuyerOrderController.list(java.lang.String,java.lang.Integer,java.lang.Integer)
Mapped "{[/buyer/order/cancel],methods=[POST]}" onto public com.imooc.VO.ResultVO com.imooc.controller.BuyerOrderController.cancel(java.lang.String,java.lang.String)
Mapped "{[/buyer/order/detail],methods=[GET]}" onto public com.imooc.VO.ResultVO<com.imooc.dto.OrderDTO> com.imooc.controller.BuyerOrderController.detail(java.lang.String,java.lang.String)
Mapped "{[/buyer/product/list],methods=[GET]}" onto public com.imooc.VO.ResultVO com.imooc.controller.BuyerProducterController.list()
Mapped "{[/pay/notify],methods=[POST]}" onto public org.springframework.web.servlet.ModelAndView com.imooc.controller.PayController.notify(java.lang.String)
Mapped "{[/pay/create]}" onto public org.springframework.web.servlet.ModelAndView com.imooc.controller.PayController.create(java.lang.String,java.lang.String,java.util.Map<java.lang.String, java.lang.Object>)
Mapped "{[/seller/category/index],methods=[GET]}" onto public org.springframework.web.servlet.ModelAndView com.imooc.controller.SellCategoryController.index(java.lang.Integer,java.util.Map<java.lang.String, java.lang.Object>)
Mapped "{[/seller/category/list],methods=[GET]}" onto public org.springframework.web.servlet.ModelAndView com.imooc.controller.SellCategoryController.list(java.util.Map<java.lang.String, java.lang.Object>)
Mapped "{[/seller/category/save],methods=[POST]}" onto public org.springframework.web.servlet.ModelAndView com.imooc.controller.SellCategoryController.save(com.imooc.form.CategoryForm,org.springframework.validation.BindingResult,java.util.Map<java.lang.String, java.lang.Object>)
Mapped "{[/seller/order/list]}" onto public org.springframework.web.servlet.ModelAndView com.imooc.controller.SellerOrderController.list(java.lang.Integer,java.lang.Integer,java.util.Map<java.lang.String, java.lang.Object>)
Mapped "{[/seller/order/finish],methods=[GET]}" onto public org.springframework.web.servlet.ModelAndView com.imooc.controller.SellerOrderController.finish(java.lang.String,java.util.Map<java.lang.String, java.lang.Object>)
Mapped "{[/seller/order/cancel],methods=[GET]}" onto public org.springframework.web.servlet.ModelAndView com.imooc.controller.SellerOrderController.cancel(java.lang.String,java.util.Map<java.lang.String, java.lang.Object>)
Mapped "{[/seller/order/detail],methods=[GET]}" onto public org.springframework.web.servlet.ModelAndView com.imooc.controller.SellerOrderController.detail(java.lang.String,java.util.Map<java.lang.String, java.lang.Object>)
Mapped "{[/seller/product/index]}" onto public org.springframework.web.servlet.ModelAndView com.imooc.controller.SellerProductController.index(java.lang.String,java.util.Map<java.lang.String, java.lang.Object>)
Mapped "{[/seller/product/list],methods=[GET]}" onto public org.springframework.web.servlet.ModelAndView com.imooc.controller.SellerProductController.list(java.lang.Integer,java.lang.Integer,java.util.Map<java.lang.String, java.lang.Object>)
Mapped "{[/seller/product/save],methods=[POST]}" onto public org.springframework.web.servlet.ModelAndView com.imooc.controller.SellerProductController.save(com.imooc.form.ProductForm,org.springframework.validation.BindingResult,java.util.Map<java.lang.String, java.lang.Object>)
Mapped "{[/seller/product/off_sale]}" onto public org.springframework.web.servlet.ModelAndView com.imooc.controller.SellerProductController.offSale(java.lang.String,java.util.Map<java.lang.String, java.lang.Object>)
Mapped "{[/seller/product/on_sale]}" onto public org.springframework.web.servlet.ModelAndView com.imooc.controller.SellerProductController.onSale(java.lang.String,java.util.Map<java.lang.String, java.lang.Object>)
Mapped "{[/seller/logout],methods=[GET]}" onto public org.springframework.web.servlet.ModelAndView com.imooc.controller.SellerUserController.logout(javax.servlet.http.HttpServletRequest,javax.servlet.http.HttpServletResponse,java.util.Map<java.lang.String, java.lang.Object>)
Mapped "{[/seller/login],methods=[GET]}" onto public org.springframework.web.servlet.ModelAndView com.imooc.controller.SellerUserController.login(java.lang.String,javax.servlet.http.HttpServletResponse,java.util.Map<java.lang.String, java.lang.Object>)
Mapped "{[/wechat/userInfo],methods=[GET]}" onto public java.lang.String com.imooc.controller.WechatController.userInfo(java.lang.String,java.lang.String)
Mapped "{[/wechat/authorize],methods=[GET]}" onto public java.lang.String com.imooc.controller.WechatController.authorize(java.lang.String)
Mapped "{[/wechat/qrAuthorize],methods=[GET]}" onto public java.lang.String com.imooc.controller.WechatController.qrAuthorize(java.lang.String)
Mapped "{[/wechat/qrUserInfo],methods=[GET]}" onto public java.lang.String com.imooc.controller.WechatController.qrUserInfo(java.lang.String)
Mapped "{[/weixin/auth],methods=[GET]}" onto public void com.imooc.controller.WeixinController.auth(java.lang.String)
Mapped "{[/error]}" onto public org.springframework.http.ResponseEntity<java.util.Map<java.lang.String, java.lang.Object>> org.springframework.boot.autoconfigure.web.BasicErrorController.error(javax.servlet.http.HttpServletRequest)
Mapped "{[/error],produces=[text/html]}" onto public org.springframework.web.servlet.ModelAndView org.springframework.boot.autoconfigure.web.BasicErrorController.errorHtml(javax.servlet.http.HttpServletRequest,javax.servlet.http.HttpServletResponse)
Mapped URL path [/webjars/**] onto handler of type [class org.springframework.web.servlet.resource.ResourceHttpRequestHandler]
Mapped URL path [/**] onto handler of type [class org.springframework.web.servlet.resource.ResourceHttpRequestHandler]
Mapped URL path [/**/favicon.ico] onto handler of type [class org.springframework.web.servlet.resource.ResourceHttpRequestHandler]
ClassTemplateLoader for Spring macros added to FreeMarker configuration
spring-boot-starter-redis is deprecated as of Spring Boot 1.4, please migrate to spring-boot-starter-data-redis
Registering beans for JMX exposure on startup
Initializing ProtocolHandler ["http-nio-8080"]
Starting ProtocolHandler ["http-nio-8080"]
Using a shared selector for servlet write/read
Tomcat started on port(s): 8080 (http)
Started SellApplication in 5.565 seconds (JVM running for 6.307)
Initializing Spring FrameworkServlet 'dispatcherServlet'
FrameworkServlet 'dispatcherServlet': initialization started
FrameworkServlet 'dispatcherServlet': initialization completed in 26 ms
HHH000397: Using ASTQueryTranslatorFactory
Closing org.springframework.boot.context.embedded.AnnotationConfigEmbeddedWebApplicationContext@3b0c9195: startup date [Thu May 09 20:42:54 CST 2019]; root of context hierarchy
Unregistering JMX-exposed beans on shutdown
Closing JPA EntityManagerFactory for persistence unit 'default'
Starting SellApplication on EricdeMacBook-Pro.local with PID 51588 (/Users/eric/workspace/springboot_sell/target/classes started by eric in /Users/eric/workspace/springboot_sell)
No active profile set, falling back to default profiles: default
Refreshing org.springframework.boot.context.embedded.AnnotationConfigEmbeddedWebApplicationContext@3b0c9195: startup date [Thu May 09 20:53:49 CST 2019]; root of context hierarchy
HV000001: Hibernate Validator 5.3.5.Final
Overriding bean definition for bean 'wxMpConfigStorage' with a different definition: replacing [Root bean: class [null]; scope=; abstract=false; lazyInit=false; autowireMode=3; dependencyCheck=0; autowireCandidate=true; primary=false; factoryBeanName=wechatMpConfig; factoryMethodName=wxMpConfigStorage; initMethodName=null; destroyMethodName=(inferred); defined in class path resource [com/imooc/config/WechatMpConfig.class]] with [Root bean: class [null]; scope=; abstract=false; lazyInit=false; autowireMode=3; dependencyCheck=0; autowireCandidate=true; primary=false; factoryBeanName=wechatOpenConfig; factoryMethodName=wxMpConfigStorage; initMethodName=null; destroyMethodName=(inferred); defined in class path resource [com/imooc/config/WechatOpenConfig.class]]
Multiple Spring Data modules found, entering strict repository configuration mode!
Multiple Spring Data modules found, entering strict repository configuration mode!
Spring Data Redis - Could not safely identify store assignment for repository candidate interface com.imooc.repository.ProductCategoryRepository.
Spring Data Redis - Could not safely identify store assignment for repository candidate interface com.imooc.repository.OrderDetailRepository.
Spring Data Redis - Could not safely identify store assignment for repository candidate interface com.imooc.repository.SellerInfoRepository.
Spring Data Redis - Could not safely identify store assignment for repository candidate interface com.imooc.repository.OrderMasterRepository.
Spring Data Redis - Could not safely identify store assignment for repository candidate interface com.imooc.repository.ProductInfoRepository.
JSR-330 'javax.inject.Inject' annotation found and supported for autowiring
Tomcat initialized with port(s): 8080 (http)
Starting service Tomcat
Starting Servlet Engine: Apache Tomcat/8.5.14
Initializing Spring embedded WebApplicationContext
Root WebApplicationContext: initialization completed in 1710 ms
Mapping servlet: 'dispatcherServlet' to [/]
Mapping filter: 'characterEncodingFilter' to: [/*]
Mapping filter: 'hiddenHttpMethodFilter' to: [/*]
Mapping filter: 'httpPutFormContentFilter' to: [/*]
Mapping filter: 'requestContextFilter' to: [/*]
Building JPA container EntityManagerFactory for persistence unit 'default'
HHH000204: Processing PersistenceUnitInfo [
	name: default
	...]
HHH000412: Hibernate Core {5.0.12.Final}
HHH000206: hibernate.properties not found
HHH000021: Bytecode provider name : javassist
HCANN000001: Hibernate Commons Annotations {5.0.1.Final}
HHH000400: Using dialect: org.hibernate.dialect.MySQL5Dialect
Initialized JPA EntityManagerFactory for persistence unit 'default'
Looking for @ControllerAdvice: org.springframework.boot.context.embedded.AnnotationConfigEmbeddedWebApplicationContext@3b0c9195: startup date [Thu May 09 20:53:49 CST 2019]; root of context hierarchy
Mapped "{[/buyer/order/create],methods=[POST]}" onto public com.imooc.VO.ResultVO<java.util.Map<java.lang.String, java.lang.String>> com.imooc.controller.BuyerOrderController.create(com.imooc.form.OrderForm,org.springframework.validation.BindingResult)
Mapped "{[/buyer/order/list]}" onto public com.imooc.VO.ResultVO<java.util.List<com.imooc.dto.OrderDTO>> com.imooc.controller.BuyerOrderController.list(java.lang.String,java.lang.Integer,java.lang.Integer)
Mapped "{[/buyer/order/cancel],methods=[POST]}" onto public com.imooc.VO.ResultVO com.imooc.controller.BuyerOrderController.cancel(java.lang.String,java.lang.String)
Mapped "{[/buyer/order/detail],methods=[GET]}" onto public com.imooc.VO.ResultVO<com.imooc.dto.OrderDTO> com.imooc.controller.BuyerOrderController.detail(java.lang.String,java.lang.String)
Mapped "{[/buyer/product/list],methods=[GET]}" onto public com.imooc.VO.ResultVO com.imooc.controller.BuyerProducterController.list()
Mapped "{[/pay/notify],methods=[POST]}" onto public org.springframework.web.servlet.ModelAndView com.imooc.controller.PayController.notify(java.lang.String)
Mapped "{[/pay/create]}" onto public org.springframework.web.servlet.ModelAndView com.imooc.controller.PayController.create(java.lang.String,java.lang.String,java.util.Map<java.lang.String, java.lang.Object>)
Mapped "{[/seller/category/index],methods=[GET]}" onto public org.springframework.web.servlet.ModelAndView com.imooc.controller.SellCategoryController.index(java.lang.Integer,java.util.Map<java.lang.String, java.lang.Object>)
Mapped "{[/seller/category/list],methods=[GET]}" onto public org.springframework.web.servlet.ModelAndView com.imooc.controller.SellCategoryController.list(java.util.Map<java.lang.String, java.lang.Object>)
Mapped "{[/seller/category/save],methods=[POST]}" onto public org.springframework.web.servlet.ModelAndView com.imooc.controller.SellCategoryController.save(com.imooc.form.CategoryForm,org.springframework.validation.BindingResult,java.util.Map<java.lang.String, java.lang.Object>)
Mapped "{[/seller/order/list]}" onto public org.springframework.web.servlet.ModelAndView com.imooc.controller.SellerOrderController.list(java.lang.Integer,java.lang.Integer,java.util.Map<java.lang.String, java.lang.Object>)
Mapped "{[/seller/order/finish],methods=[GET]}" onto public org.springframework.web.servlet.ModelAndView com.imooc.controller.SellerOrderController.finish(java.lang.String,java.util.Map<java.lang.String, java.lang.Object>)
Mapped "{[/seller/order/cancel],methods=[GET]}" onto public org.springframework.web.servlet.ModelAndView com.imooc.controller.SellerOrderController.cancel(java.lang.String,java.util.Map<java.lang.String, java.lang.Object>)
Mapped "{[/seller/order/detail],methods=[GET]}" onto public org.springframework.web.servlet.ModelAndView com.imooc.controller.SellerOrderController.detail(java.lang.String,java.util.Map<java.lang.String, java.lang.Object>)
Mapped "{[/seller/product/index]}" onto public org.springframework.web.servlet.ModelAndView com.imooc.controller.SellerProductController.index(java.lang.String,java.util.Map<java.lang.String, java.lang.Object>)
Mapped "{[/seller/product/list],methods=[GET]}" onto public org.springframework.web.servlet.ModelAndView com.imooc.controller.SellerProductController.list(java.lang.Integer,java.lang.Integer,java.util.Map<java.lang.String, java.lang.Object>)
Mapped "{[/seller/product/save],methods=[POST]}" onto public org.springframework.web.servlet.ModelAndView com.imooc.controller.SellerProductController.save(com.imooc.form.ProductForm,org.springframework.validation.BindingResult,java.util.Map<java.lang.String, java.lang.Object>)
Mapped "{[/seller/product/off_sale]}" onto public org.springframework.web.servlet.ModelAndView com.imooc.controller.SellerProductController.offSale(java.lang.String,java.util.Map<java.lang.String, java.lang.Object>)
Mapped "{[/seller/product/on_sale]}" onto public org.springframework.web.servlet.ModelAndView com.imooc.controller.SellerProductController.onSale(java.lang.String,java.util.Map<java.lang.String, java.lang.Object>)
Mapped "{[/seller/logout],methods=[GET]}" onto public org.springframework.web.servlet.ModelAndView com.imooc.controller.SellerUserController.logout(javax.servlet.http.HttpServletRequest,javax.servlet.http.HttpServletResponse,java.util.Map<java.lang.String, java.lang.Object>)
Mapped "{[/seller/login],methods=[GET]}" onto public org.springframework.web.servlet.ModelAndView com.imooc.controller.SellerUserController.login(java.lang.String,javax.servlet.http.HttpServletResponse,java.util.Map<java.lang.String, java.lang.Object>)
Mapped "{[/wechat/userInfo],methods=[GET]}" onto public java.lang.String com.imooc.controller.WechatController.userInfo(java.lang.String,java.lang.String)
Mapped "{[/wechat/authorize],methods=[GET]}" onto public java.lang.String com.imooc.controller.WechatController.authorize(java.lang.String)
Mapped "{[/wechat/qrAuthorize],methods=[GET]}" onto public java.lang.String com.imooc.controller.WechatController.qrAuthorize(java.lang.String)
Mapped "{[/wechat/qrUserInfo],methods=[GET]}" onto public java.lang.String com.imooc.controller.WechatController.qrUserInfo(java.lang.String)
Mapped "{[/weixin/auth],methods=[GET]}" onto public void com.imooc.controller.WeixinController.auth(java.lang.String)
Mapped "{[/error]}" onto public org.springframework.http.ResponseEntity<java.util.Map<java.lang.String, java.lang.Object>> org.springframework.boot.autoconfigure.web.BasicErrorController.error(javax.servlet.http.HttpServletRequest)
Mapped "{[/error],produces=[text/html]}" onto public org.springframework.web.servlet.ModelAndView org.springframework.boot.autoconfigure.web.BasicErrorController.errorHtml(javax.servlet.http.HttpServletRequest,javax.servlet.http.HttpServletResponse)
Mapped URL path [/webjars/**] onto handler of type [class org.springframework.web.servlet.resource.ResourceHttpRequestHandler]
Mapped URL path [/**] onto handler of type [class org.springframework.web.servlet.resource.ResourceHttpRequestHandler]
Mapped URL path [/**/favicon.ico] onto handler of type [class org.springframework.web.servlet.resource.ResourceHttpRequestHandler]
ClassTemplateLoader for Spring macros added to FreeMarker configuration
spring-boot-starter-redis is deprecated as of Spring Boot 1.4, please migrate to spring-boot-starter-data-redis
Registering beans for JMX exposure on startup
Initializing ProtocolHandler ["http-nio-8080"]
Starting ProtocolHandler ["http-nio-8080"]
Using a shared selector for servlet write/read
Tomcat started on port(s): 8080 (http)
Started SellApplication in 5.106 seconds (JVM running for 5.706)
Initializing Spring FrameworkServlet 'dispatcherServlet'
FrameworkServlet 'dispatcherServlet': initialization started
FrameworkServlet 'dispatcherServlet': initialization completed in 42 ms
wxMpOAuth2AccessToken={"accessToken":"21_eFqad1x8TbwaWoCNAkFsvYqV7AGoBjJTcypgLtcxgyXuJaFdtQFpV74Rulo-y-tqiiYjskZenBmtWo18lL8_QA","expiresIn":7200,"refreshToken":"21_3KUTfwdSxDfF0J3RBP9jwFlxjx_ltnMwFiM9Jg18O3qMwZ-z6Uc8mozWqVqVppdOor-cdb9V1tv_ZT2t0wI3sQ","openId":"o9AREv4Xa75oCtt-O-wTlxElfqBI","scope":"snsapi_login","unionId":"on8WqwxL9Wh1kW7WiGS5VwHSukQQ"}
HHH000397: Using ASTQueryTranslatorFactory
wxMpOAuth2AccessToken={"accessToken":"21_n0kAFCs96JAvrz-9-j_Z4e7TE-FyJIGXgFQbWDEwRRYdvLDKH6IZLz6nWcwfkt30-vj6X1eYpvt_INQYQYoqvg","expiresIn":7200,"refreshToken":"21_Hm4LajGG5J_mXf9gW2QOoTdtQC84Ni0pCDiT1Jm6nxtibjxspNxiybcCOyF4HrjEsqy-5SzTFQMB1xoMsANhoA","openId":"o9AREv4Xa75oCtt-O-wTlxElfqBI","scope":"snsapi_login","unionId":"on8WqwxL9Wh1kW7WiGS5VwHSukQQ"}
Closing org.springframework.boot.context.embedded.AnnotationConfigEmbeddedWebApplicationContext@3b0c9195: startup date [Thu May 09 20:53:49 CST 2019]; root of context hierarchy
Unregistering JMX-exposed beans on shutdown
Closing JPA EntityManagerFactory for persistence unit 'default'
Starting SellApplication on EricdeMBP.lan with PID 51706 (/Users/eric/workspace/springboot_sell/target/classes started by eric in /Users/eric/workspace/springboot_sell)
No active profile set, falling back to default profiles: default
Refreshing org.springframework.boot.context.embedded.AnnotationConfigEmbeddedWebApplicationContext@366c4480: startup date [Thu May 09 20:58:52 CST 2019]; root of context hierarchy
HV000001: Hibernate Validator 5.3.5.Final
Overriding bean definition for bean 'wxMpConfigStorage' with a different definition: replacing [Root bean: class [null]; scope=; abstract=false; lazyInit=false; autowireMode=3; dependencyCheck=0; autowireCandidate=true; primary=false; factoryBeanName=wechatMpConfig; factoryMethodName=wxMpConfigStorage; initMethodName=null; destroyMethodName=(inferred); defined in class path resource [com/imooc/config/WechatMpConfig.class]] with [Root bean: class [null]; scope=; abstract=false; lazyInit=false; autowireMode=3; dependencyCheck=0; autowireCandidate=true; primary=false; factoryBeanName=wechatOpenConfig; factoryMethodName=wxMpConfigStorage; initMethodName=null; destroyMethodName=(inferred); defined in class path resource [com/imooc/config/WechatOpenConfig.class]]
Multiple Spring Data modules found, entering strict repository configuration mode!
Multiple Spring Data modules found, entering strict repository configuration mode!
Spring Data Redis - Could not safely identify store assignment for repository candidate interface com.imooc.repository.ProductCategoryRepository.
Spring Data Redis - Could not safely identify store assignment for repository candidate interface com.imooc.repository.OrderDetailRepository.
Spring Data Redis - Could not safely identify store assignment for repository candidate interface com.imooc.repository.SellerInfoRepository.
Spring Data Redis - Could not safely identify store assignment for repository candidate interface com.imooc.repository.OrderMasterRepository.
Spring Data Redis - Could not safely identify store assignment for repository candidate interface com.imooc.repository.ProductInfoRepository.
JSR-330 'javax.inject.Inject' annotation found and supported for autowiring
Tomcat initialized with port(s): 8080 (http)
Starting service Tomcat
Starting Servlet Engine: Apache Tomcat/8.5.14
Initializing Spring embedded WebApplicationContext
Root WebApplicationContext: initialization completed in 1534 ms
Mapping servlet: 'dispatcherServlet' to [/]
Mapping filter: 'characterEncodingFilter' to: [/*]
Mapping filter: 'hiddenHttpMethodFilter' to: [/*]
Mapping filter: 'httpPutFormContentFilter' to: [/*]
Mapping filter: 'requestContextFilter' to: [/*]
Building JPA container EntityManagerFactory for persistence unit 'default'
HHH000204: Processing PersistenceUnitInfo [
	name: default
	...]
HHH000412: Hibernate Core {5.0.12.Final}
HHH000206: hibernate.properties not found
HHH000021: Bytecode provider name : javassist
HCANN000001: Hibernate Commons Annotations {5.0.1.Final}
HHH000400: Using dialect: org.hibernate.dialect.MySQL5Dialect
Initialized JPA EntityManagerFactory for persistence unit 'default'
Looking for @ControllerAdvice: org.springframework.boot.context.embedded.AnnotationConfigEmbeddedWebApplicationContext@366c4480: startup date [Thu May 09 20:58:52 CST 2019]; root of context hierarchy
Mapped "{[/buyer/order/create],methods=[POST]}" onto public com.imooc.VO.ResultVO<java.util.Map<java.lang.String, java.lang.String>> com.imooc.controller.BuyerOrderController.create(com.imooc.form.OrderForm,org.springframework.validation.BindingResult)
Mapped "{[/buyer/order/list]}" onto public com.imooc.VO.ResultVO<java.util.List<com.imooc.dto.OrderDTO>> com.imooc.controller.BuyerOrderController.list(java.lang.String,java.lang.Integer,java.lang.Integer)
Mapped "{[/buyer/order/cancel],methods=[POST]}" onto public com.imooc.VO.ResultVO com.imooc.controller.BuyerOrderController.cancel(java.lang.String,java.lang.String)
Mapped "{[/buyer/order/detail],methods=[GET]}" onto public com.imooc.VO.ResultVO<com.imooc.dto.OrderDTO> com.imooc.controller.BuyerOrderController.detail(java.lang.String,java.lang.String)
Mapped "{[/buyer/product/list],methods=[GET]}" onto public com.imooc.VO.ResultVO com.imooc.controller.BuyerProducterController.list()
Mapped "{[/pay/notify],methods=[POST]}" onto public org.springframework.web.servlet.ModelAndView com.imooc.controller.PayController.notify(java.lang.String)
Mapped "{[/pay/create]}" onto public org.springframework.web.servlet.ModelAndView com.imooc.controller.PayController.create(java.lang.String,java.lang.String,java.util.Map<java.lang.String, java.lang.Object>)
Mapped "{[/seller/category/index],methods=[GET]}" onto public org.springframework.web.servlet.ModelAndView com.imooc.controller.SellCategoryController.index(java.lang.Integer,java.util.Map<java.lang.String, java.lang.Object>)
Mapped "{[/seller/category/list],methods=[GET]}" onto public org.springframework.web.servlet.ModelAndView com.imooc.controller.SellCategoryController.list(java.util.Map<java.lang.String, java.lang.Object>)
Mapped "{[/seller/category/save],methods=[POST]}" onto public org.springframework.web.servlet.ModelAndView com.imooc.controller.SellCategoryController.save(com.imooc.form.CategoryForm,org.springframework.validation.BindingResult,java.util.Map<java.lang.String, java.lang.Object>)
Mapped "{[/seller/order/list]}" onto public org.springframework.web.servlet.ModelAndView com.imooc.controller.SellerOrderController.list(java.lang.Integer,java.lang.Integer,java.util.Map<java.lang.String, java.lang.Object>)
Mapped "{[/seller/order/finish],methods=[GET]}" onto public org.springframework.web.servlet.ModelAndView com.imooc.controller.SellerOrderController.finish(java.lang.String,java.util.Map<java.lang.String, java.lang.Object>)
Mapped "{[/seller/order/cancel],methods=[GET]}" onto public org.springframework.web.servlet.ModelAndView com.imooc.controller.SellerOrderController.cancel(java.lang.String,java.util.Map<java.lang.String, java.lang.Object>)
Mapped "{[/seller/order/detail],methods=[GET]}" onto public org.springframework.web.servlet.ModelAndView com.imooc.controller.SellerOrderController.detail(java.lang.String,java.util.Map<java.lang.String, java.lang.Object>)
Mapped "{[/seller/product/index]}" onto public org.springframework.web.servlet.ModelAndView com.imooc.controller.SellerProductController.index(java.lang.String,java.util.Map<java.lang.String, java.lang.Object>)
Mapped "{[/seller/product/list],methods=[GET]}" onto public org.springframework.web.servlet.ModelAndView com.imooc.controller.SellerProductController.list(java.lang.Integer,java.lang.Integer,java.util.Map<java.lang.String, java.lang.Object>)
Mapped "{[/seller/product/save],methods=[POST]}" onto public org.springframework.web.servlet.ModelAndView com.imooc.controller.SellerProductController.save(com.imooc.form.ProductForm,org.springframework.validation.BindingResult,java.util.Map<java.lang.String, java.lang.Object>)
Mapped "{[/seller/product/on_sale]}" onto public org.springframework.web.servlet.ModelAndView com.imooc.controller.SellerProductController.onSale(java.lang.String,java.util.Map<java.lang.String, java.lang.Object>)
Mapped "{[/seller/product/off_sale]}" onto public org.springframework.web.servlet.ModelAndView com.imooc.controller.SellerProductController.offSale(java.lang.String,java.util.Map<java.lang.String, java.lang.Object>)
Mapped "{[/seller/logout],methods=[GET]}" onto public org.springframework.web.servlet.ModelAndView com.imooc.controller.SellerUserController.logout(javax.servlet.http.HttpServletRequest,javax.servlet.http.HttpServletResponse,java.util.Map<java.lang.String, java.lang.Object>)
Mapped "{[/seller/login],methods=[GET]}" onto public org.springframework.web.servlet.ModelAndView com.imooc.controller.SellerUserController.login(java.lang.String,javax.servlet.http.HttpServletResponse,java.util.Map<java.lang.String, java.lang.Object>)
Mapped "{[/wechat/userInfo],methods=[GET]}" onto public java.lang.String com.imooc.controller.WechatController.userInfo(java.lang.String,java.lang.String)
Mapped "{[/wechat/authorize],methods=[GET]}" onto public java.lang.String com.imooc.controller.WechatController.authorize(java.lang.String)
Mapped "{[/wechat/qrAuthorize],methods=[GET]}" onto public java.lang.String com.imooc.controller.WechatController.qrAuthorize(java.lang.String)
Mapped "{[/wechat/qrUserInfo],methods=[GET]}" onto public java.lang.String com.imooc.controller.WechatController.qrUserInfo(java.lang.String)
Mapped "{[/weixin/auth],methods=[GET]}" onto public void com.imooc.controller.WeixinController.auth(java.lang.String)
Mapped "{[/error]}" onto public org.springframework.http.ResponseEntity<java.util.Map<java.lang.String, java.lang.Object>> org.springframework.boot.autoconfigure.web.BasicErrorController.error(javax.servlet.http.HttpServletRequest)
Mapped "{[/error],produces=[text/html]}" onto public org.springframework.web.servlet.ModelAndView org.springframework.boot.autoconfigure.web.BasicErrorController.errorHtml(javax.servlet.http.HttpServletRequest,javax.servlet.http.HttpServletResponse)
Mapped URL path [/webjars/**] onto handler of type [class org.springframework.web.servlet.resource.ResourceHttpRequestHandler]
Mapped URL path [/**] onto handler of type [class org.springframework.web.servlet.resource.ResourceHttpRequestHandler]
Mapped URL path [/**/favicon.ico] onto handler of type [class org.springframework.web.servlet.resource.ResourceHttpRequestHandler]
ClassTemplateLoader for Spring macros added to FreeMarker configuration
spring-boot-starter-redis is deprecated as of Spring Boot 1.4, please migrate to spring-boot-starter-data-redis
Registering beans for JMX exposure on startup
Initializing ProtocolHandler ["http-nio-8080"]
Starting ProtocolHandler ["http-nio-8080"]
Using a shared selector for servlet write/read
Tomcat started on port(s): 8080 (http)
Started SellApplication in 5.022 seconds (JVM running for 5.657)
Initializing Spring FrameworkServlet 'dispatcherServlet'
FrameworkServlet 'dispatcherServlet': initialization started
FrameworkServlet 'dispatcherServlet': initialization completed in 23 ms
wxMpOAuth2AccessToken={"accessToken":"21_yV79fSgZDN5umS9kO2NJB4E-ACCH3CKUAP6-h9nZj71EARmyUK0WgWNu12-hAn1Ry0l2xdL4xWOUgRgrpvk_SQ","expiresIn":7200,"refreshToken":"21_5pr9_L_hfwOwyscUVyXJeGPQcTrDEZZu4FaMOigvV_Rxe5WdKEqJYvjuMKty9FM3DMEb1HTmemC-M0l1wwtjoA","openId":"o9AREv4Xa75oCtt-O-wTlxElfqBI","scope":"snsapi_login","unionId":"on8WqwxL9Wh1kW7WiGS5VwHSukQQ"}
HHH000397: Using ASTQueryTranslatorFactory
wxMpOAuth2AccessToken={"accessToken":"21_a3mr65A1mO93akpIf7XKIFnqvviTmj9KoI3uYlxCTFdUodEJzqMFLAIwqBYYfmcwRqDrFH7OjMSvj9_PlxZryQ","expiresIn":7200,"refreshToken":"21_hCDjqL0UPi3E-UmxvJGkVRFCZnPCGAfazkjoPcfl9KgHib1Vy-UiyBPERgd03A8WoAFo83OGY0lO6zwsb7updg","openId":"o9AREv4Xa75oCtt-O-wTlxElfqBI","scope":"snsapi_login","unionId":"on8WqwxL9Wh1kW7WiGS5VwHSukQQ"}
Closing org.springframework.boot.context.embedded.AnnotationConfigEmbeddedWebApplicationContext@366c4480: startup date [Thu May 09 20:58:52 CST 2019]; root of context hierarchy
Unregistering JMX-exposed beans on shutdown
Closing JPA EntityManagerFactory for persistence unit 'default'
Starting SellApplication on EricdeMBP.lan with PID 51775 (/Users/eric/workspace/springboot_sell/target/classes started by eric in /Users/eric/workspace/springboot_sell)
No active profile set, falling back to default profiles: default
Refreshing org.springframework.boot.context.embedded.AnnotationConfigEmbeddedWebApplicationContext@2d36e77e: startup date [Thu May 09 21:08:44 CST 2019]; root of context hierarchy
HV000001: Hibernate Validator 5.3.5.Final
Overriding bean definition for bean 'wxMpConfigStorage' with a different definition: replacing [Root bean: class [null]; scope=; abstract=false; lazyInit=false; autowireMode=3; dependencyCheck=0; autowireCandidate=true; primary=false; factoryBeanName=wechatMpConfig; factoryMethodName=wxMpConfigStorage; initMethodName=null; destroyMethodName=(inferred); defined in class path resource [com/imooc/config/WechatMpConfig.class]] with [Root bean: class [null]; scope=; abstract=false; lazyInit=false; autowireMode=3; dependencyCheck=0; autowireCandidate=true; primary=false; factoryBeanName=wechatOpenConfig; factoryMethodName=wxMpConfigStorage; initMethodName=null; destroyMethodName=(inferred); defined in class path resource [com/imooc/config/WechatOpenConfig.class]]
Multiple Spring Data modules found, entering strict repository configuration mode!
Multiple Spring Data modules found, entering strict repository configuration mode!
Spring Data Redis - Could not safely identify store assignment for repository candidate interface com.imooc.repository.ProductCategoryRepository.
Spring Data Redis - Could not safely identify store assignment for repository candidate interface com.imooc.repository.OrderDetailRepository.
Spring Data Redis - Could not safely identify store assignment for repository candidate interface com.imooc.repository.SellerInfoRepository.
Spring Data Redis - Could not safely identify store assignment for repository candidate interface com.imooc.repository.OrderMasterRepository.
Spring Data Redis - Could not safely identify store assignment for repository candidate interface com.imooc.repository.ProductInfoRepository.
JSR-330 'javax.inject.Inject' annotation found and supported for autowiring
Tomcat initialized with port(s): 8080 (http)
Starting service Tomcat
Starting Servlet Engine: Apache Tomcat/8.5.14
Initializing Spring embedded WebApplicationContext
Root WebApplicationContext: initialization completed in 1522 ms
Mapping servlet: 'dispatcherServlet' to [/]
Mapping filter: 'characterEncodingFilter' to: [/*]
Mapping filter: 'hiddenHttpMethodFilter' to: [/*]
Mapping filter: 'httpPutFormContentFilter' to: [/*]
Mapping filter: 'requestContextFilter' to: [/*]
Building JPA container EntityManagerFactory for persistence unit 'default'
HHH000204: Processing PersistenceUnitInfo [
	name: default
	...]
HHH000412: Hibernate Core {5.0.12.Final}
HHH000206: hibernate.properties not found
HHH000021: Bytecode provider name : javassist
HCANN000001: Hibernate Commons Annotations {5.0.1.Final}
HHH000400: Using dialect: org.hibernate.dialect.MySQL5Dialect
Initialized JPA EntityManagerFactory for persistence unit 'default'
Looking for @ControllerAdvice: org.springframework.boot.context.embedded.AnnotationConfigEmbeddedWebApplicationContext@2d36e77e: startup date [Thu May 09 21:08:44 CST 2019]; root of context hierarchy
Mapped "{[/buyer/order/create],methods=[POST]}" onto public com.imooc.VO.ResultVO<java.util.Map<java.lang.String, java.lang.String>> com.imooc.controller.BuyerOrderController.create(com.imooc.form.OrderForm,org.springframework.validation.BindingResult)
Mapped "{[/buyer/order/list]}" onto public com.imooc.VO.ResultVO<java.util.List<com.imooc.dto.OrderDTO>> com.imooc.controller.BuyerOrderController.list(java.lang.String,java.lang.Integer,java.lang.Integer)
Mapped "{[/buyer/order/cancel],methods=[POST]}" onto public com.imooc.VO.ResultVO com.imooc.controller.BuyerOrderController.cancel(java.lang.String,java.lang.String)
Mapped "{[/buyer/order/detail],methods=[GET]}" onto public com.imooc.VO.ResultVO<com.imooc.dto.OrderDTO> com.imooc.controller.BuyerOrderController.detail(java.lang.String,java.lang.String)
Mapped "{[/buyer/product/list],methods=[GET]}" onto public com.imooc.VO.ResultVO com.imooc.controller.BuyerProducterController.list()
Mapped "{[/pay/notify],methods=[POST]}" onto public org.springframework.web.servlet.ModelAndView com.imooc.controller.PayController.notify(java.lang.String)
Mapped "{[/pay/create]}" onto public org.springframework.web.servlet.ModelAndView com.imooc.controller.PayController.create(java.lang.String,java.lang.String,java.util.Map<java.lang.String, java.lang.Object>)
Mapped "{[/seller/category/index],methods=[GET]}" onto public org.springframework.web.servlet.ModelAndView com.imooc.controller.SellCategoryController.index(java.lang.Integer,java.util.Map<java.lang.String, java.lang.Object>)
Mapped "{[/seller/category/list],methods=[GET]}" onto public org.springframework.web.servlet.ModelAndView com.imooc.controller.SellCategoryController.list(java.util.Map<java.lang.String, java.lang.Object>)
Mapped "{[/seller/category/save],methods=[POST]}" onto public org.springframework.web.servlet.ModelAndView com.imooc.controller.SellCategoryController.save(com.imooc.form.CategoryForm,org.springframework.validation.BindingResult,java.util.Map<java.lang.String, java.lang.Object>)
Mapped "{[/seller/order/list]}" onto public org.springframework.web.servlet.ModelAndView com.imooc.controller.SellerOrderController.list(java.lang.Integer,java.lang.Integer,java.util.Map<java.lang.String, java.lang.Object>)
Mapped "{[/seller/order/finish],methods=[GET]}" onto public org.springframework.web.servlet.ModelAndView com.imooc.controller.SellerOrderController.finish(java.lang.String,java.util.Map<java.lang.String, java.lang.Object>)
Mapped "{[/seller/order/cancel],methods=[GET]}" onto public org.springframework.web.servlet.ModelAndView com.imooc.controller.SellerOrderController.cancel(java.lang.String,java.util.Map<java.lang.String, java.lang.Object>)
Mapped "{[/seller/order/detail],methods=[GET]}" onto public org.springframework.web.servlet.ModelAndView com.imooc.controller.SellerOrderController.detail(java.lang.String,java.util.Map<java.lang.String, java.lang.Object>)
Mapped "{[/seller/product/index]}" onto public org.springframework.web.servlet.ModelAndView com.imooc.controller.SellerProductController.index(java.lang.String,java.util.Map<java.lang.String, java.lang.Object>)
Mapped "{[/seller/product/list],methods=[GET]}" onto public org.springframework.web.servlet.ModelAndView com.imooc.controller.SellerProductController.list(java.lang.Integer,java.lang.Integer,java.util.Map<java.lang.String, java.lang.Object>)
Mapped "{[/seller/product/save],methods=[POST]}" onto public org.springframework.web.servlet.ModelAndView com.imooc.controller.SellerProductController.save(com.imooc.form.ProductForm,org.springframework.validation.BindingResult,java.util.Map<java.lang.String, java.lang.Object>)
Mapped "{[/seller/product/off_sale]}" onto public org.springframework.web.servlet.ModelAndView com.imooc.controller.SellerProductController.offSale(java.lang.String,java.util.Map<java.lang.String, java.lang.Object>)
Mapped "{[/seller/product/on_sale]}" onto public org.springframework.web.servlet.ModelAndView com.imooc.controller.SellerProductController.onSale(java.lang.String,java.util.Map<java.lang.String, java.lang.Object>)
Mapped "{[/seller/login],methods=[GET]}" onto public org.springframework.web.servlet.ModelAndView com.imooc.controller.SellerUserController.login(java.lang.String,javax.servlet.http.HttpServletResponse,java.util.Map<java.lang.String, java.lang.Object>)
Mapped "{[/seller/logout],methods=[GET]}" onto public org.springframework.web.servlet.ModelAndView com.imooc.controller.SellerUserController.logout(javax.servlet.http.HttpServletRequest,javax.servlet.http.HttpServletResponse,java.util.Map<java.lang.String, java.lang.Object>)
Mapped "{[/wechat/userInfo],methods=[GET]}" onto public java.lang.String com.imooc.controller.WechatController.userInfo(java.lang.String,java.lang.String)
Mapped "{[/wechat/authorize],methods=[GET]}" onto public java.lang.String com.imooc.controller.WechatController.authorize(java.lang.String)
Mapped "{[/wechat/qrAuthorize],methods=[GET]}" onto public java.lang.String com.imooc.controller.WechatController.qrAuthorize(java.lang.String)
Mapped "{[/wechat/qrUserInfo],methods=[GET]}" onto public java.lang.String com.imooc.controller.WechatController.qrUserInfo(java.lang.String)
Mapped "{[/weixin/auth],methods=[GET]}" onto public void com.imooc.controller.WeixinController.auth(java.lang.String)
Mapped "{[/error]}" onto public org.springframework.http.ResponseEntity<java.util.Map<java.lang.String, java.lang.Object>> org.springframework.boot.autoconfigure.web.BasicErrorController.error(javax.servlet.http.HttpServletRequest)
Mapped "{[/error],produces=[text/html]}" onto public org.springframework.web.servlet.ModelAndView org.springframework.boot.autoconfigure.web.BasicErrorController.errorHtml(javax.servlet.http.HttpServletRequest,javax.servlet.http.HttpServletResponse)
Mapped URL path [/webjars/**] onto handler of type [class org.springframework.web.servlet.resource.ResourceHttpRequestHandler]
Mapped URL path [/**] onto handler of type [class org.springframework.web.servlet.resource.ResourceHttpRequestHandler]
Mapped URL path [/**/favicon.ico] onto handler of type [class org.springframework.web.servlet.resource.ResourceHttpRequestHandler]
ClassTemplateLoader for Spring macros added to FreeMarker configuration
spring-boot-starter-redis is deprecated as of Spring Boot 1.4, please migrate to spring-boot-starter-data-redis
Registering beans for JMX exposure on startup
Initializing ProtocolHandler ["http-nio-8080"]
Starting ProtocolHandler ["http-nio-8080"]
Using a shared selector for servlet write/read
Tomcat started on port(s): 8080 (http)
Started SellApplication in 5.008 seconds (JVM running for 5.743)
Initializing Spring FrameworkServlet 'dispatcherServlet'
FrameworkServlet 'dispatcherServlet': initialization started
FrameworkServlet 'dispatcherServlet': initialization completed in 30 ms
wxMpOAuth2AccessToken={"accessToken":"21_5cVrQ0PghFs0HlBvejjZO11j6ziLfU_wQSZlNlYpFjMOkzlC84R0xnd6OE_tnxf79Csi6et7_DsTibssQFSdGA","expiresIn":7200,"refreshToken":"21_sCLPCt0KBYR5vGs1IYforihd0JYXnykVaVtOa8g0VE_fx2TB9J4sPB1HgWczbuIW-pIyseAUwbtDfuXLNTD3rQ","openId":"o9AREv-21drAJo8j4p7HWvkkvjFY","scope":"snsapi_login","unionId":"on8WqwzEnMdKbg_STDrR9BZaTl6g"}
HHH000397: Using ASTQueryTranslatorFactory
wxMpOAuth2AccessToken={"accessToken":"21_8_FTSQmCRUHtOlMfro81hDn5pII46_kRMMTNhwg_ZceBvocj-7FdBLjIIKnQRKRfmjIm_Wt4u-Gl0Y71fznnlA","expiresIn":7200,"refreshToken":"21_43ngpLFK9UpbQ7vZlQ05G79pfhxA8ozYDxrBQFTIN_YlgM6PfkmWlcapc6N_WN6_LkdjRuaOx1yYXa9QlTo6oA","openId":"o9AREv-21drAJo8j4p7HWvkkvjFY","scope":"snsapi_login","unionId":"on8WqwzEnMdKbg_STDrR9BZaTl6g"}
Closing org.springframework.boot.context.embedded.AnnotationConfigEmbeddedWebApplicationContext@2d36e77e: startup date [Thu May 09 21:08:44 CST 2019]; root of context hierarchy
Unregistering JMX-exposed beans on shutdown
Closing JPA EntityManagerFactory for persistence unit 'default'
Starting SellApplication on EricdeMBP.lan with PID 52003 (/Users/eric/workspace/springboot_sell/target/classes started by eric in /Users/eric/workspace/springboot_sell)
No active profile set, falling back to default profiles: default
Refreshing org.springframework.boot.context.embedded.AnnotationConfigEmbeddedWebApplicationContext@366c4480: startup date [Thu May 09 21:36:18 CST 2019]; root of context hierarchy
HV000001: Hibernate Validator 5.3.5.Final
Overriding bean definition for bean 'wxMpConfigStorage' with a different definition: replacing [Root bean: class [null]; scope=; abstract=false; lazyInit=false; autowireMode=3; dependencyCheck=0; autowireCandidate=true; primary=false; factoryBeanName=wechatMpConfig; factoryMethodName=wxMpConfigStorage; initMethodName=null; destroyMethodName=(inferred); defined in class path resource [com/imooc/config/WechatMpConfig.class]] with [Root bean: class [null]; scope=; abstract=false; lazyInit=false; autowireMode=3; dependencyCheck=0; autowireCandidate=true; primary=false; factoryBeanName=wechatOpenConfig; factoryMethodName=wxMpConfigStorage; initMethodName=null; destroyMethodName=(inferred); defined in class path resource [com/imooc/config/WechatOpenConfig.class]]
Multiple Spring Data modules found, entering strict repository configuration mode!
Multiple Spring Data modules found, entering strict repository configuration mode!
Spring Data Redis - Could not safely identify store assignment for repository candidate interface com.imooc.repository.ProductCategoryRepository.
Spring Data Redis - Could not safely identify store assignment for repository candidate interface com.imooc.repository.OrderDetailRepository.
Spring Data Redis - Could not safely identify store assignment for repository candidate interface com.imooc.repository.SellerInfoRepository.
Spring Data Redis - Could not safely identify store assignment for repository candidate interface com.imooc.repository.OrderMasterRepository.
Spring Data Redis - Could not safely identify store assignment for repository candidate interface com.imooc.repository.ProductInfoRepository.
JSR-330 'javax.inject.Inject' annotation found and supported for autowiring
Tomcat initialized with port(s): 8080 (http)
Starting service Tomcat
Starting Servlet Engine: Apache Tomcat/8.5.14
Initializing Spring embedded WebApplicationContext
Root WebApplicationContext: initialization completed in 1676 ms
Mapping servlet: 'dispatcherServlet' to [/]
Mapping filter: 'characterEncodingFilter' to: [/*]
Mapping filter: 'hiddenHttpMethodFilter' to: [/*]
Mapping filter: 'httpPutFormContentFilter' to: [/*]
Mapping filter: 'requestContextFilter' to: [/*]
Building JPA container EntityManagerFactory for persistence unit 'default'
HHH000204: Processing PersistenceUnitInfo [
	name: default
	...]
HHH000412: Hibernate Core {5.0.12.Final}
HHH000206: hibernate.properties not found
HHH000021: Bytecode provider name : javassist
HCANN000001: Hibernate Commons Annotations {5.0.1.Final}
HHH000400: Using dialect: org.hibernate.dialect.MySQL5Dialect
Initialized JPA EntityManagerFactory for persistence unit 'default'
Looking for @ControllerAdvice: org.springframework.boot.context.embedded.AnnotationConfigEmbeddedWebApplicationContext@366c4480: startup date [Thu May 09 21:36:18 CST 2019]; root of context hierarchy
Mapped "{[/buyer/order/create],methods=[POST]}" onto public com.imooc.VO.ResultVO<java.util.Map<java.lang.String, java.lang.String>> com.imooc.controller.BuyerOrderController.create(com.imooc.form.OrderForm,org.springframework.validation.BindingResult)
Mapped "{[/buyer/order/list]}" onto public com.imooc.VO.ResultVO<java.util.List<com.imooc.dto.OrderDTO>> com.imooc.controller.BuyerOrderController.list(java.lang.String,java.lang.Integer,java.lang.Integer)
Mapped "{[/buyer/order/cancel],methods=[POST]}" onto public com.imooc.VO.ResultVO com.imooc.controller.BuyerOrderController.cancel(java.lang.String,java.lang.String)
Mapped "{[/buyer/order/detail],methods=[GET]}" onto public com.imooc.VO.ResultVO<com.imooc.dto.OrderDTO> com.imooc.controller.BuyerOrderController.detail(java.lang.String,java.lang.String)
Mapped "{[/buyer/product/list],methods=[GET]}" onto public com.imooc.VO.ResultVO com.imooc.controller.BuyerProducterController.list()
Mapped "{[/pay/notify],methods=[POST]}" onto public org.springframework.web.servlet.ModelAndView com.imooc.controller.PayController.notify(java.lang.String)
Mapped "{[/pay/create]}" onto public org.springframework.web.servlet.ModelAndView com.imooc.controller.PayController.create(java.lang.String,java.lang.String,java.util.Map<java.lang.String, java.lang.Object>)
Mapped "{[/seller/category/index],methods=[GET]}" onto public org.springframework.web.servlet.ModelAndView com.imooc.controller.SellCategoryController.index(java.lang.Integer,java.util.Map<java.lang.String, java.lang.Object>)
Mapped "{[/seller/category/list],methods=[GET]}" onto public org.springframework.web.servlet.ModelAndView com.imooc.controller.SellCategoryController.list(java.util.Map<java.lang.String, java.lang.Object>)
Mapped "{[/seller/category/save],methods=[POST]}" onto public org.springframework.web.servlet.ModelAndView com.imooc.controller.SellCategoryController.save(com.imooc.form.CategoryForm,org.springframework.validation.BindingResult,java.util.Map<java.lang.String, java.lang.Object>)
Mapped "{[/seller/order/list]}" onto public org.springframework.web.servlet.ModelAndView com.imooc.controller.SellerOrderController.list(java.lang.Integer,java.lang.Integer,java.util.Map<java.lang.String, java.lang.Object>)
Mapped "{[/seller/order/cancel],methods=[GET]}" onto public org.springframework.web.servlet.ModelAndView com.imooc.controller.SellerOrderController.cancel(java.lang.String,java.util.Map<java.lang.String, java.lang.Object>)
Mapped "{[/seller/order/detail],methods=[GET]}" onto public org.springframework.web.servlet.ModelAndView com.imooc.controller.SellerOrderController.detail(java.lang.String,java.util.Map<java.lang.String, java.lang.Object>)
Mapped "{[/seller/order/finish],methods=[GET]}" onto public org.springframework.web.servlet.ModelAndView com.imooc.controller.SellerOrderController.finish(java.lang.String,java.util.Map<java.lang.String, java.lang.Object>)
Mapped "{[/seller/product/index]}" onto public org.springframework.web.servlet.ModelAndView com.imooc.controller.SellerProductController.index(java.lang.String,java.util.Map<java.lang.String, java.lang.Object>)
Mapped "{[/seller/product/list],methods=[GET]}" onto public org.springframework.web.servlet.ModelAndView com.imooc.controller.SellerProductController.list(java.lang.Integer,java.lang.Integer,java.util.Map<java.lang.String, java.lang.Object>)
Mapped "{[/seller/product/save],methods=[POST]}" onto public org.springframework.web.servlet.ModelAndView com.imooc.controller.SellerProductController.save(com.imooc.form.ProductForm,org.springframework.validation.BindingResult,java.util.Map<java.lang.String, java.lang.Object>)
Mapped "{[/seller/product/off_sale]}" onto public org.springframework.web.servlet.ModelAndView com.imooc.controller.SellerProductController.offSale(java.lang.String,java.util.Map<java.lang.String, java.lang.Object>)
Mapped "{[/seller/product/on_sale]}" onto public org.springframework.web.servlet.ModelAndView com.imooc.controller.SellerProductController.onSale(java.lang.String,java.util.Map<java.lang.String, java.lang.Object>)
Mapped "{[/seller/login],methods=[GET]}" onto public org.springframework.web.servlet.ModelAndView com.imooc.controller.SellerUserController.login(java.lang.String,javax.servlet.http.HttpServletResponse,java.util.Map<java.lang.String, java.lang.Object>)
Mapped "{[/seller/logout],methods=[GET]}" onto public org.springframework.web.servlet.ModelAndView com.imooc.controller.SellerUserController.logout(javax.servlet.http.HttpServletRequest,javax.servlet.http.HttpServletResponse,java.util.Map<java.lang.String, java.lang.Object>)
Mapped "{[/wechat/userInfo],methods=[GET]}" onto public java.lang.String com.imooc.controller.WechatController.userInfo(java.lang.String,java.lang.String)
Mapped "{[/wechat/authorize],methods=[GET]}" onto public java.lang.String com.imooc.controller.WechatController.authorize(java.lang.String)
Mapped "{[/wechat/qrAuthorize],methods=[GET]}" onto public java.lang.String com.imooc.controller.WechatController.qrAuthorize(java.lang.String)
Mapped "{[/wechat/qrUserInfo],methods=[GET]}" onto public java.lang.String com.imooc.controller.WechatController.qrUserInfo(java.lang.String)
Mapped "{[/weixin/auth],methods=[GET]}" onto public void com.imooc.controller.WeixinController.auth(java.lang.String)
Mapped "{[/error]}" onto public org.springframework.http.ResponseEntity<java.util.Map<java.lang.String, java.lang.Object>> org.springframework.boot.autoconfigure.web.BasicErrorController.error(javax.servlet.http.HttpServletRequest)
Mapped "{[/error],produces=[text/html]}" onto public org.springframework.web.servlet.ModelAndView org.springframework.boot.autoconfigure.web.BasicErrorController.errorHtml(javax.servlet.http.HttpServletRequest,javax.servlet.http.HttpServletResponse)
Mapped URL path [/webjars/**] onto handler of type [class org.springframework.web.servlet.resource.ResourceHttpRequestHandler]
Mapped URL path [/**] onto handler of type [class org.springframework.web.servlet.resource.ResourceHttpRequestHandler]
Detected @ExceptionHandler methods in sellerExceptionHandler
Mapped URL path [/**/favicon.ico] onto handler of type [class org.springframework.web.servlet.resource.ResourceHttpRequestHandler]
ClassTemplateLoader for Spring macros added to FreeMarker configuration
spring-boot-starter-redis is deprecated as of Spring Boot 1.4, please migrate to spring-boot-starter-data-redis
Registering beans for JMX exposure on startup
Initializing ProtocolHandler ["http-nio-8080"]
Starting ProtocolHandler ["http-nio-8080"]
Using a shared selector for servlet write/read
Tomcat started on port(s): 8080 (http)
Started SellApplication in 5.41 seconds (JVM running for 6.045)
Initializing Spring FrameworkServlet 'dispatcherServlet'
FrameworkServlet 'dispatcherServlet': initialization started
FrameworkServlet 'dispatcherServlet': initialization completed in 22 ms
Cookietoken
Cookietoken
wxMpOAuth2AccessToken={"accessToken":"21_5pr9_L_hfwOwyscUVyXJeLPTGV-ui65tUzuD54qen9mrxSQfy70vz0KGrMb9iH57HiOzfozQNVX_mHJNC8vQNQ","expiresIn":7200,"refreshToken":"21_6IFdEDwfHQFvqRqkmGQdm0xCfvvG1vOtAPsxWwDNX-6QBTxLrmsvHrZdaMmhQkxOKsAga6sXs30_d7vx6Zs8EA","openId":"o9AREv4Xa75oCtt-O-wTlxElfqBI","scope":"snsapi_login","unionId":"on8WqwxL9Wh1kW7WiGS5VwHSukQQ"}
HHH000397: Using ASTQueryTranslatorFactory
Cookietoken
wxMpOAuth2AccessToken={"accessToken":"21_YH5oESz2WAgZ4087s86wIhfqS0HoOANj8NS9MW8jzPz0iiYRHG0ssLdvr-IwVexgmkuRWHOdQg4w9PLyiPavMQ","expiresIn":7200,"refreshToken":"21_3GOm7qIUW8k_YOOQfI2GlnZ9LoO4EyRj8zOaGSsTauGDR_CGb2Z6JxYk3lWyhmC7g7KOu_sX6wGiPLS0Q3NATA","openId":"o9AREv4Xa75oCtt-O-wTlxElfqBI","scope":"snsapi_login","unionId":"on8WqwxL9Wh1kW7WiGS5VwHSukQQ"}
Cookietoken
